<?xml version="1.0" encoding="UTF-8"?>
<testsuite xmlns:xsi="http://www.w3.org/2001/XMLSchema-instance" xsi:noNamespaceSchemaLocation="https://maven.apache.org/surefire/maven-surefire-plugin/xsd/surefire-test-report-3.0.xsd" version="3.0" name="co.unicauca.figures.domain.TriangleTest" time="0.009" tests="3" errors="0" skipped="0" failures="0">
  <properties>
[...]
</properties>
  <testcase name="testBase0" classname="co.unicauca.figures.domain.TriangleTest" time="0.003">
    <system-out><![CDATA[Base 0
]]></system-out>
  </testcase>
  <testcase name="testBase3" classname="co.unicauca.figures.domain.TriangleTest" time="0.002">
    <system-out><![CDATA[Base 3
]]></system-out>
  </testcase>
  <testcase name="testBaseDecimal" classname="co.unicauca.figures.domain.TriangleTest" time="0.002">
    <system-out><![CDATA[Base 4.2
]]></system-out>
  </testcase>
</testsuite>